client INFO MainThread 2017-09-02 19:34:57,927 Loggers set, imports completed
Networking INFO MainThread 2017-09-02 19:34:57,928 Initalizing Attributes
Networking INFO MainThread 2017-09-02 19:34:57,928 Attributes Initialized
Networking INFO MainThread 2017-09-02 19:35:04,613 Compressing Stuff
Networking ERROR MainThread 2017-09-02 19:35:04,615 Compression Failed
Traceback (most recent call last):
  File "/home/shivam/Work/Projects/TCP/Networking.py", line 55, in compress
    self.stuff=gzip.compress(self.stuff)
  File "/home/shivam/anaconda3/lib/python3.6/gzip.py", line 524, in compress
    f.write(data)
  File "/home/shivam/anaconda3/lib/python3.6/gzip.py", line 260, in write
    data = memoryview(data)
TypeError: memoryview: a bytes-like object is required, not 'NoneType'
Networking INFO MainThread 2017-09-02 19:35:10,114 Opening File
Networking INFO MainThread 2017-09-02 19:35:10,114 Reading File
Networking INFO MainThread 2017-09-02 19:35:10,136 Calculating Size of Stuff
Networking INFO MainThread 2017-09-02 19:35:10,137 File read with the size of: 32.167232513427734 MB
Networking INFO MainThread 2017-09-02 19:35:10,137 Closing File
Networking INFO MainThread 2017-09-02 19:35:12,359 Compressing Stuff
Networking INFO MainThread 2017-09-02 19:35:14,009 Calculating Size of Stuff
Networking INFO MainThread 2017-09-02 19:35:14,009 Compressed Size is: 32.17447853088379 MB
Networking INFO MainThread 2017-09-02 19:35:21,480 Attempting to Find Check Sum of stuff: 
Networking INFO MainThread 2017-09-02 19:35:21,682 Check Sum Found
Networking INFO MainThread 2017-09-02 19:35:29,746 Entering Directory to count number of files 
Networking INFO MainThread 2017-09-02 19:35:29,746 Files calulcated.
Exit Directory to count number of files 
